Build started 22-05-2015 17:27:22.
     1>Project "C:\Users\Ricardo\PhD\jctvc-hm\build\vc10\TAppDecoder_vc10.vcxproj" on node 2 (Build target(s)).
     1>ClCompile:
         C:\Program Files (x86)\Microsoft Visual Studio 12.0\VC\bin\CL.exe /c /I"C:\Users\Ricardo\PhD\jctvc-hm\build\\..\source\Lib\\" /I"C:\Users\Ricardo\PhD\jctvc-hm\build\\..\compat\msvc" /ZI /nologo /W3 /WX- /Od /Oy- /D WIN32 /D _DEBUG /D _CONSOLE /D _CRT_SECURE_NO_WARNINGS /D _MBCS /Gm /EHsc /RTC1 /MTd /GS /fp:precise /Zc:wchar_t /Zc:forScope /Fo"C:\Users\Ricardo\PhD\jctvc-hm\build\\vc10\Win32\Debug\TAppDecoder\\" /Fd"C:\Users\Ricardo\PhD\jctvc-hm\build\\vc10\Win32\Debug\TAppDecoder\vc120.pdb" /Gd /TP /analyze- /errorReport:prompt ..\..\source\App\TAppDecoder\TAppDecTop.cpp ..\..\source\App\TAppDecoder\decmain.cpp
         decmain.cpp
         TAppDecTop.cpp
         Generating Code...
       Link:
         C:\Program Files (x86)\Microsoft Visual Studio 12.0\VC\bin\link.exe /ERRORREPORT:PROMPT /OUT:"C:\Users\Ricardo\PhD\jctvc-hm\build\\..\bin\vc10\Win32\Debug\TAppDecoder.exe" /INCREMENTAL /NOLOGO kernel32.lib user32.lib gdi32.lib winspool.lib comdlg32.lib advapi32.lib shell32.lib ole32.lib oleaut32.lib uuid.lib odbc32.lib odbccp32.lib /MANIFEST /MANIFESTUAC:"level='asInvoker' uiAccess='false'" /manifest:embed /DEBUG /PDB:"C:\Users\Ricardo\PhD\jctvc-hm\build\\..\bin\vc10\Win32\Debug\TAppDecoder.pdb" /SUBSYSTEM:CONSOLE /TLBID:1 /DYNAMICBASE /NXCOMPAT /IMPLIB:"C:\Users\Ricardo\PhD\jctvc-hm\build\\..\bin\vc10\Win32\Debug\TAppDecoder.lib" /MACHINE:X86 /SAFESEH "C:\Users\Ricardo\PhD\jctvc-hm\build\\vc10\Win32\Debug\TAppDecoder\decmain.obj"
         "C:\Users\Ricardo\PhD\jctvc-hm\build\\vc10\Win32\Debug\TAppDecoder\TAppDecCfg.obj"
         "C:\Users\Ricardo\PhD\jctvc-hm\build\\vc10\Win32\Debug\TAppDecoder\TAppDecTop.obj"
         "C:\Users\Ricardo\PhD\jctvc-hm\build\vc10\Win32\Debug\TAppCommon\TAppCommon.lib"
         "C:\Users\Ricardo\PhD\jctvc-hm\build\vc10\Win32\Debug\TLibCommon\TLibCommon.lib"
         "C:\Users\Ricardo\PhD\jctvc-hm\build\vc10\Win32\Debug\TLibDecoder\TLibDecoder.lib"
         "C:\Users\Ricardo\PhD\jctvc-hm\build\vc10\Win32\Debug\TLibVideoIo\TLibVideoIO.lib"
     1>decmain.obj : warning LNK4075: ignoring '/EDITANDCONTINUE' due to '/SAFESEH' specification
         TAppDecoder_vc10.vcxproj -> C:\Users\Ricardo\PhD\jctvc-hm\build\\..\bin\vc10\Win32\Debug\TAppDecoder.exe
     1>Done Building Project "C:\Users\Ricardo\PhD\jctvc-hm\build\vc10\TAppDecoder_vc10.vcxproj" (Build target(s)).

Build succeeded.

Time Elapsed 00:00:05.56
